Using pre-set license
Built from '2020.3/staging' branch; Version is '2020.3.18f1 (a7d1c678663c) revision 10998214'; Using compiler version '192528614'; Build Type 'Release'
OS: 'Windows 10 Enterprise; OS build 19042.1586; Version 2009; 64bit' Language: 'en' Physical Memory: 32596 MB
BatchMode: 1, IsHumanControllingUs: 0, StartBugReporterOnCrash: 0, Is64bit: 1, IsPro: 0

COMMAND LINE ARGUMENTS:
C:\Program Files\Unity\Hub\Editor\2020.3.18f1\Editor\Unity.exe
-adb2
-batchMode
-noUpm
-name
AssetImportWorker0
-projectPath
C:/Users/s0513390/Documents/Textures
-logFile
Logs/AssetImportWorker0.log
-srvPort
51665
Successfully changed project path to: C:/Users/s0513390/Documents/Textures
C:/Users/s0513390/Documents/Textures
Using Asset Import Pipeline V2.
Refreshing native plugins compatible for Editor in 39.80 ms, found 2 plugins.
Preloading 0 native plugins for Editor in 0.00 ms.
Initialize engine version: 2020.3.18f1 (a7d1c678663c)
[Subsystems] Discovering subsystems at path C:/Program Files/Unity/Hub/Editor/2020.3.18f1/Editor/Data/Resources/UnitySubsystems
[Subsystems] Discovering subsystems at path C:/Users/s0513390/Documents/Textures/Assets
GfxDevice: creating device client; threaded=0
Direct3D:
    Version:  Direct3D 11.0 [level 11.1]
    Renderer: NVIDIA GeForce RTX 2080 SUPER (ID=0x1e81)
    Vendor:   
    VRAM:     8010 MB
    Driver:   30.0.14.9649
Initialize mono
Mono path[0] = 'C:/Program Files/Unity/Hub/Editor/2020.3.18f1/Editor/Data/Managed'
Mono path[1] = 'C:/Program Files/Unity/Hub/Editor/2020.3.18f1/Editor/Data/MonoBleedingEdge/lib/mono/unityjit'
Mono config path = 'C:/Program Files/Unity/Hub/Editor/2020.3.18f1/Editor/Data/MonoBleedingEdge/etc'
Using monoOptions --debugger-agent=transport=dt_socket,embedding=1,server=y,suspend=n,address=127.0.0.1:56216
Begin MonoManager ReloadAssembly
Registering precompiled unity dll's ...
Register platform support module: C:/Program Files/Unity/Hub/Editor/2020.3.18f1/Editor/Data/PlaybackEngines/MacStandaloneSupport/UnityEditor.OSXStandalone.Extensions.dll
Register platform support module: C:/Program Files/Unity/Hub/Editor/2020.3.18f1/Editor/Data/PlaybackEngines/WindowsStandaloneSupport/UnityEditor.WindowsStandalone.Extensions.dll
Registered in 0.165583 seconds.
Native extension for WindowsStandalone target not found
Native extension for OSXStandalone target not found
Refreshing native plugins compatible for Editor in 38.59 ms, found 2 plugins.
Preloading 0 native plugins for Editor in 0.00 ms.
Mono: successfully reloaded assembly
- Completed reload, in  4.406 seconds
Domain Reload Profiling:
	ReloadAssembly (4407ms)
		BeginReloadAssembly (1920ms)
			ExecutionOrderSort (0ms)
			DisableScriptedObjects (0ms)
			BackupInstance (0ms)
			ReleaseScriptingObjects (0ms)
			CreateAndSetChildDomain (1ms)
		EndReloadAssembly (719ms)
			LoadAssemblies (1925ms)
			RebuildTransferFunctionScriptingTraits (0ms)
			SetupTypeCache (391ms)
			ReleaseScriptCaches (0ms)
			RebuildScriptCaches (25ms)
			SetupLoadedEditorAssemblies (228ms)
				LogAssemblyErrors (0ms)
				InitializePlatformSupportModulesInManaged (4ms)
				SetLoadedEditorAssemblies (0ms)
				RefreshPlugins (39ms)
				BeforeProcessingInitializeOnLoad (100ms)
				ProcessInitializeOnLoadAttributes (60ms)
				ProcessInitializeOnLoadMethodAttributes (25ms)
				AfterProcessingInitializeOnLoad (0ms)
				EditorAssembliesLoaded (0ms)
			ExecutionOrderSort2 (0ms)
			AwakeInstancesAfterBackupRestoration (0ms)
Platform modules already initialized, skipping
Registering precompiled user dll's ...
Registered in 0.404534 seconds.
Begin MonoManager ReloadAssembly
Native extension for WindowsStandalone target not found
Native extension for OSXStandalone target not found
Refreshing native plugins compatible for Editor in 41.16 ms, found 2 plugins.
Preloading 0 native plugins for Editor in 0.00 ms.
Mono: successfully reloaded assembly
- Completed reload, in  2.947 seconds
Domain Reload Profiling:
	ReloadAssembly (2952ms)
		BeginReloadAssembly (120ms)
			ExecutionOrderSort (0ms)
			DisableScriptedObjects (4ms)
			BackupInstance (0ms)
			ReleaseScriptingObjects (0ms)
			CreateAndSetChildDomain (14ms)
		EndReloadAssembly (2778ms)
			LoadAssemblies (1550ms)
			RebuildTransferFunctionScriptingTraits (0ms)
			SetupTypeCache (670ms)
			ReleaseScriptCaches (0ms)
			RebuildScriptCaches (37ms)
			SetupLoadedEditorAssemblies (415ms)
				LogAssemblyErrors (0ms)
				InitializePlatformSupportModulesInManaged (4ms)
				SetLoadedEditorAssemblies (0ms)
				RefreshPlugins (41ms)
				BeforeProcessingInitializeOnLoad (70ms)
				ProcessInitializeOnLoadAttributes (286ms)
				ProcessInitializeOnLoadMethodAttributes (4ms)
				AfterProcessingInitializeOnLoad (9ms)
				EditorAssembliesLoaded (0ms)
			ExecutionOrderSort2 (0ms)
			AwakeInstancesAfterBackupRestoration (5ms)
Platform modules already initialized, skipping
========================================================================
Worker process is ready to serve import requests
Launched and connected shader compiler UnityShaderCompiler.exe after 0.09 seconds
Refreshing native plugins compatible for Editor in 0.57 ms, found 2 plugins.
Preloading 0 native plugins for Editor in 0.00 ms.
Unloading 2709 Unused Serialized files (Serialized files now loaded: 0)
System memory in use before: 126.1 MB.
System memory in use after: 126.3 MB.

Unloading 17 unused Assets to reduce memory usage. Loaded Objects now: 3145.
Total: 2.556700 ms (FindLiveObjects: 0.198600 ms CreateObjectMapping: 0.095500 ms MarkObjects: 2.205800 ms  DeleteObjects: 0.056200 ms)

AssetImportParameters requested are different than current active one (requested -> active):
  custom:framework-win-MediaFoundation: 216162199b28c13a410421893ffa2e32 -> 
  custom:video-decoder-ogg-theora: a1e56fd34408186e4bbccfd4996cb3dc -> 
  custom:container-muxer-webm: aa71ff27fc2769a1b78a27578f13a17b -> 
  custom:container-demuxer-webm: 4f35f7cbe854078d1ac9338744f61a02 -> 
  custom:container-demuxer-ogg: 62fdf1f143b41e24485cea50d1cbac27 -> 
  custom:video-encoder-webm-vp8: eb34c28f22e8b96e1ab97ce403110664 -> 
  custom:video-decoder-webm-vp8: 9c59270c3fd7afecdb556c50c9e8de78 -> 
  custom:audio-decoder-ogg-vorbis: bf7c407c2cedff20999df2af8eb42d56 -> 
  custom:audio-encoder-webm-vorbis: bf7c407c2cedff20999df2af8eb42d56 -> 
========================================================================
Received Import Request.
  path: Assets/assets/Pillars1.fbx
  artifactKey: Guid(ffdc36cb50f711d4a8d4e7c60b845319) Importer(815301076,1909f56bfc062723c751e8b465ee728b)
Start importing Assets/assets/Pillars1.fbx using Guid(ffdc36cb50f711d4a8d4e7c60b845319) Importer(815301076,1909f56bfc062723c751e8b465ee728b)  -> (artifact id: '2d9cb6f488fede38a6b4405af8d7912c') in 0.271291 seconds 
  Import took 0.275337 seconds .

========================================================================
Received Import Request.
  Time since last request: 0.000209 seconds.
  path: Assets/assets/Pillars2.fbx
  artifactKey: Guid(ae9a6d7de6b5cf1419fe821275831d56) Importer(815301076,1909f56bfc062723c751e8b465ee728b)
Start importing Assets/assets/Pillars2.fbx using Guid(ae9a6d7de6b5cf1419fe821275831d56) Importer(815301076,1909f56bfc062723c751e8b465ee728b)  -> (artifact id: '216762bdbe49edd3c162bde7ecaa85c4') in 0.028164 seconds 
  Import took 0.031580 seconds .

========================================================================
Received Import Request.
  Time since last request: 99.895302 seconds.
  path: Assets/assets/pitOpening_modularKit.fbx
  artifactKey: Guid(8e84dc52ceada8346a2d25c8b53b11bc) Importer(815301076,1909f56bfc062723c751e8b465ee728b)
Start importing Assets/assets/pitOpening_modularKit.fbx using Guid(8e84dc52ceada8346a2d25c8b53b11bc) Importer(815301076,1909f56bfc062723c751e8b465ee728b)  -> (artifact id: '5addad67e3c06864b9bb06b77255532e') in 0.040683 seconds 
  Import took 0.045009 seconds .

========================================================================
Received Import Request.
  Time since last request: 4.839299 seconds.
  path: Assets/assets/arch1).fbx
  artifactKey: Guid(cf80c6e9ecfdf5b4d8d0ad0181769727) Importer(815301076,1909f56bfc062723c751e8b465ee728b)
Start importing Assets/assets/arch1).fbx using Guid(cf80c6e9ecfdf5b4d8d0ad0181769727) Importer(815301076,1909f56bfc062723c751e8b465ee728b)  -> (artifact id: '8d902edf679a69b9100206e673e48e3d') in 0.034882 seconds 
  Import took 0.039329 seconds .

========================================================================
Received Import Request.
  Time since last request: 0.000273 seconds.
  path: Assets/assets/arch3).fbx
  artifactKey: Guid(9466edd3ae73777498c67de97a11b77a) Importer(815301076,1909f56bfc062723c751e8b465ee728b)
Start importing Assets/assets/arch3).fbx using Guid(9466edd3ae73777498c67de97a11b77a) Importer(815301076,1909f56bfc062723c751e8b465ee728b)  -> (artifact id: '29a88364540e64b485f8a4460c73a939') in 0.027644 seconds 
  Import took 0.031119 seconds .

========================================================================
Received Import Request.
  Time since last request: 0.000274 seconds.
  path: Assets/assets/arch2).fbx
  artifactKey: Guid(f4d460151039e38479d66297fb390190) Importer(815301076,1909f56bfc062723c751e8b465ee728b)
Start importing Assets/assets/arch2).fbx using Guid(f4d460151039e38479d66297fb390190) Importer(815301076,1909f56bfc062723c751e8b465ee728b)  -> (artifact id: 'b6d13df58f7a9841c150d124f820ae2c') in 0.026388 seconds 
  Import took 0.030060 seconds .

========================================================================
Received Import Request.
  Time since last request: 383.097289 seconds.
  path: Assets/Materials/Textures/trimsheet_low_DefaultMaterial_BaseMap.png
  artifactKey: Guid(f1768dadc3a43014f89882693cdb03c7) Importer(815301076,1909f56bfc062723c751e8b465ee728b)
Start importing Assets/Materials/Textures/trimsheet_low_DefaultMaterial_BaseMap.png using Guid(f1768dadc3a43014f89882693cdb03c7) Importer(815301076,1909f56bfc062723c751e8b465ee728b)  -> (artifact id: 'f3761949e4f7c04e13e7268f6770a0ee') in 0.036945 seconds 
  Import took 0.041533 seconds .

========================================================================
Received Import Request.
  Time since last request: 3.772269 seconds.
  path: Assets/Materials/Textures/trimsheet_low_DefaultMaterial_Normal.png
  artifactKey: Guid(7b8e26b8aedf7e346b018823df17d995) Importer(815301076,1909f56bfc062723c751e8b465ee728b)
Start importing Assets/Materials/Textures/trimsheet_low_DefaultMaterial_Normal.png using Guid(7b8e26b8aedf7e346b018823df17d995) Importer(815301076,1909f56bfc062723c751e8b465ee728b)  -> (artifact id: 'fa77e2f4a56307478527b478d28c953e') in 0.017254 seconds 
  Import took 0.021265 seconds .

========================================================================
Received Import Request.
  Time since last request: 4.700662 seconds.
  path: Assets/Materials/Textures/trimsheet_low_DefaultMaterial_MetallicSmoothness.png
  artifactKey: Guid(24e3f6b340b525b40a39e8e6a8e89da0) Importer(815301076,1909f56bfc062723c751e8b465ee728b)
Start importing Assets/Materials/Textures/trimsheet_low_DefaultMaterial_MetallicSmoothness.png using Guid(24e3f6b340b525b40a39e8e6a8e89da0) Importer(815301076,1909f56bfc062723c751e8b465ee728b)  -> (artifact id: 'ee983c23b93cdc99f710a9094191bddb') in 0.017628 seconds 
  Import took 0.021342 seconds .

========================================================================
Received Import Request.
  Time since last request: 11.951523 seconds.
  path: Assets/Materials/Textures/trimsheet_low__DefaultMaterial_AlbedoTransparency.png
  artifactKey: Guid(b381c7bda7873ee4ea010153d7064974) Importer(815301076,1909f56bfc062723c751e8b465ee728b)
Start importing Assets/Materials/Textures/trimsheet_low__DefaultMaterial_AlbedoTransparency.png using Guid(b381c7bda7873ee4ea010153d7064974) Importer(815301076,1909f56bfc062723c751e8b465ee728b)  -> (artifact id: 'b3f71438b68946a1bb363d819e0b3a84') in 0.018716 seconds 
  Import took 0.022287 seconds .

========================================================================
Received Import Request.
  Time since last request: 0.000189 seconds.
  path: Assets/Materials/Textures/trimsheet_low__DefaultMaterial_MetallicSmoothness.png
  artifactKey: Guid(99e0605d82d847a40936679855c1b3a4) Importer(815301076,1909f56bfc062723c751e8b465ee728b)
Start importing Assets/Materials/Textures/trimsheet_low__DefaultMaterial_MetallicSmoothness.png using Guid(99e0605d82d847a40936679855c1b3a4) Importer(815301076,1909f56bfc062723c751e8b465ee728b)  -> (artifact id: 'b9d521fbb9fda7c98dbcc1d4ccf60e05') in 0.019345 seconds 
  Import took 0.022687 seconds .

========================================================================
Received Import Request.
  Time since last request: 0.000198 seconds.
  path: Assets/Materials/Textures/trimsheet_low__DefaultMaterial_Normal.png
  artifactKey: Guid(815f6d558ddb7b74ca75d00fe2227b4f) Importer(815301076,1909f56bfc062723c751e8b465ee728b)
Start importing Assets/Materials/Textures/trimsheet_low__DefaultMaterial_Normal.png using Guid(815f6d558ddb7b74ca75d00fe2227b4f) Importer(815301076,1909f56bfc062723c751e8b465ee728b)  -> (artifact id: 'a24483d9f3d614e49c6695454f503399') in 0.013643 seconds 
  Import took 0.016948 seconds .

========================================================================
Received Import Request.
  Time since last request: 0.000192 seconds.
  path: Assets/Materials/Textures/trimsheet_low__DefaultMaterial_AlbedoTransparency.png
  artifactKey: Guid(b381c7bda7873ee4ea010153d7064974) Importer(815301076,1909f56bfc062723c751e8b465ee728b)
Start importing Assets/Materials/Textures/trimsheet_low__DefaultMaterial_AlbedoTransparency.png using Guid(b381c7bda7873ee4ea010153d7064974) Importer(815301076,1909f56bfc062723c751e8b465ee728b)  -> (artifact id: 'b3f71438b68946a1bb363d819e0b3a84') in 0.011453 seconds 
  Import took 0.014391 seconds .

========================================================================
Received Import Request.
  Time since last request: 57.294834 seconds.
  path: Assets/Materials/New Material 1.mat
  artifactKey: Guid(2ebd97bc77c6cc347b2c34cdd94e9471) Importer(815301076,1909f56bfc062723c751e8b465ee728b)
Start importing Assets/Materials/New Material 1.mat using Guid(2ebd97bc77c6cc347b2c34cdd94e9471) Importer(815301076,1909f56bfc062723c751e8b465ee728b)  -> (artifact id: 'ad3d2c7459728ad10f74a5dd7afcf85d') in 0.019571 seconds 
  Import took 0.023300 seconds .

========================================================================
Received Import Request.
  Time since last request: 8.699964 seconds.
  path: Assets/Materials/Tilling.mat
  artifactKey: Guid(4be007bb2e5ba204e8a1f11151e8758a) Importer(815301076,1909f56bfc062723c751e8b465ee728b)
Start importing Assets/Materials/Tilling.mat using Guid(4be007bb2e5ba204e8a1f11151e8758a) Importer(815301076,1909f56bfc062723c751e8b465ee728b)  -> (artifact id: '2d5f503c7f7113a8a000f77bd7d39747') in 0.022649 seconds 
  Import took 0.025983 seconds .

========================================================================
Received Import Request.
  Time since last request: 5.344969 seconds.
  path: Assets/Materials/trim1.mat
  artifactKey: Guid(2ebd97bc77c6cc347b2c34cdd94e9471) Importer(815301076,1909f56bfc062723c751e8b465ee728b)
Start importing Assets/Materials/trim1.mat using Guid(2ebd97bc77c6cc347b2c34cdd94e9471) Importer(815301076,1909f56bfc062723c751e8b465ee728b)  -> (artifact id: 'aebe22893093f8b0163ddc55af2512e9') in 0.013590 seconds 
  Import took 0.017387 seconds .

========================================================================
Received Import Request.
  Time since last request: 4.344543 seconds.
  path: Assets/Materials/trim2.mat
  artifactKey: Guid(286224a95d92fa845b7b3d49b54bc21a) Importer(815301076,1909f56bfc062723c751e8b465ee728b)
Start importing Assets/Materials/trim2.mat using Guid(286224a95d92fa845b7b3d49b54bc21a) Importer(815301076,1909f56bfc062723c751e8b465ee728b)  -> (artifact id: '994271af789d02747381991a6db04b2e') in 0.015874 seconds 
  Import took 0.019527 seconds .

========================================================================
Received Import Request.
  Time since last request: 12.540268 seconds.
  path: Assets/Materials/Textures/trimsheet_low__DefaultMaterial_Normal.png
  artifactKey: Guid(815f6d558ddb7b74ca75d00fe2227b4f) Importer(815301076,1909f56bfc062723c751e8b465ee728b)
Start importing Assets/Materials/Textures/trimsheet_low__DefaultMaterial_Normal.png using Guid(815f6d558ddb7b74ca75d00fe2227b4f) Importer(815301076,1909f56bfc062723c751e8b465ee728b)  -> (artifact id: '88b2b90b33c3f695f3d56644f060b264') in 0.016777 seconds 
  Import took 0.020528 seconds .

========================================================================
Received Import Request.
  Time since last request: 236.753359 seconds.
  path: Assets/assets/sidepitt.fbx
  artifactKey: Guid(f8c104a5cf53c4e4fb376726ec77bf03) Importer(815301076,1909f56bfc062723c751e8b465ee728b)
Start importing Assets/assets/sidepitt.fbx using Guid(f8c104a5cf53c4e4fb376726ec77bf03) Importer(815301076,1909f56bfc062723c751e8b465ee728b)  -> (artifact id: 'ebdb2be4fa40189e75d1b42a6af05a7d') in 0.034975 seconds 
  Import took 0.039203 seconds .

========================================================================
Received Import Request.
  Time since last request: 1.501119 seconds.
  path: Assets/assets/cornerpitt.fbx
  artifactKey: Guid(27462cc48ec5800448411d56e4f48302) Importer(815301076,1909f56bfc062723c751e8b465ee728b)
Start importing Assets/assets/cornerpitt.fbx using Guid(27462cc48ec5800448411d56e4f48302) Importer(815301076,1909f56bfc062723c751e8b465ee728b)  -> (artifact id: '9b1aa110db3557ff6f4670cac2e1c213') in 0.027910 seconds 
  Import took 0.031550 seconds .

========================================================================
Received Import Request.
  Time since last request: 122.405068 seconds.
  path: Assets/Materials/Textures/trimsheet_low_DefaultMaterial_Normal.png
  artifactKey: Guid(7b8e26b8aedf7e346b018823df17d995) Importer(815301076,1909f56bfc062723c751e8b465ee728b)
Start importing Assets/Materials/Textures/trimsheet_low_DefaultMaterial_Normal.png using Guid(7b8e26b8aedf7e346b018823df17d995) Importer(815301076,1909f56bfc062723c751e8b465ee728b)  -> (artifact id: '1d407d5ed5609b119fef70ebe117e19f') in 0.016899 seconds 
  Import took 0.020564 seconds .

AssetImportWorkerClient::OnTransportError - code=2 error=End of file
